<?xml version="1.0" encoding="UTF-8"?>
<!-- Generated by org.testng.reporters.JUnitReportReporter -->
<testsuite hostname="LAPTOP-9674UGGD" name="orgg.test.Priorityy" tests="6" failures="0" timestamp="5 Feb 2020 10:12:56 GMT" time="112.917" errors="0">
  <testcase name="testCase2" time="10.268" classname="orgg.test.Priorityy"/>
  <testcase name="testCase2" time="8.226" classname="orgg.test.Priorityy"/>
  <testcase name="testCase2" time="13.629" classname="orgg.test.Priorityy"/>
  <testcase name="testCase2" time="54.447" classname="orgg.test.Priorityy"/>
  <testcase name="testCase1" time="10.957" classname="orgg.test.Priorityy"/>
  <testcase name="testCase2" time="15.390" classname="orgg.test.Priorityy"/>
</testsuite> <!-- orgg.test.Priorityy -->
