<?xml version="1.0" encoding="UTF-8"?>
<!-- Generated by org.testng.reporters.JUnitReportReporter -->
<testsuite hostname="LAPTOP-9674UGGD" name="orgg.test.A" tests="2" failures="0" timestamp="6 Feb 2020 09:47:13 GMT" time="110.815" errors="0">
  <testcase name="testcase1" time="73.662" classname="orgg.test.A"/>
  <testcase name="testcase1" time="37.153" classname="orgg.test.A"/>
</testsuite> <!-- orgg.test.A -->
